{
  "stats": {
    "suites": 1,
    "tests": 1,
    "passes": 1,
    "pending": 0,
    "failures": 0,
    "start": "2024-10-02T09:17:16.938Z",
    "end": "2024-10-02T09:17:20.059Z",
    "duration": 3121,
    "testsRegistered": 1,
    "passPercent": 100,
    "pendingPercent": 0,
    "other": 0,
    "hasOther": false,
    "skipped": 0,
    "hasSkipped": false
  },
  "results": [
    {
      "uuid": "8aaf245b-9745-46c6-ba03-f4355f491fb1",
      "title": "",
      "fullFile": "cypress\\integration\\examples\\calendar.js",
      "file": "cypress\\integration\\examples\\calendar.js",
      "beforeHooks": [],
      "afterHooks": [],
      "tests": [],
      "suites": [
        {
          "uuid": "e42a9509-2aff-4c98-9ddf-3e93b4562436",
          "title": "Calendar test",
          "fullFile": "",
          "file": "",
          "beforeHooks": [],
          "afterHooks": [],
          "tests": [
            {
              "title": "Selecting date via calendar",
              "fullTitle": "Calendar test Selecting date via calendar",
              "timedOut": null,
              "duration": 1557,
              "state": "passed",
              "speed": "fast",
              "pass": true,
              "fail": false,
              "pending": false,
              "context": null,
              "code": "const month = '9';\nconst date = '15';\nconst year = '2024';\nconst expectedDate = [month, date, year];\ncy.visit('https://rahulshettyacademy.com/seleniumPractise/#/offers');\ncy.get('.react-date-picker__inputGroup').click();\ncy.get('.react-calendar__navigation__label').click();\ncy.get('.react-calendar__navigation__label').click();\ncy.contains('button', year).click();\ncy.get('.react-calendar__year-view__months__month').eq(Number(month) - 1).click();\ncy.contains('abbr', date).click();\n// Assertion\ncy.get('.react-date-picker__inputGroup__input').each(($el, index) => {\n  cy.wrap($el).invoke('val').should('eq', expectedDate[index]);\n});",
              "err": {},
              "uuid": "5ca23f0f-cbbd-435f-8c4d-9d3779a31954",
              "parentUUID": "e42a9509-2aff-4c98-9ddf-3e93b4562436",
              "isHook": false,
              "skipped": false
            }
          ],
          "suites": [],
          "passes": [
            "5ca23f0f-cbbd-435f-8c4d-9d3779a31954"
          ],
          "failures": [],
          "pending": [],
          "skipped": [],
          "duration": 1557,
          "root": false,
          "rootEmpty": false,
          "_timeout": 2000
        }
      ],
      "passes": [],
      "failures": [],
      "pending": [],
      "skipped": [],
      "duration": 0,
      "root": true,
      "rootEmpty": true,
      "_timeout": 2000
    }
  ],
  "meta": {
    "mocha": {
      "version": "7.0.1"
    },
    "mochawesome": {
      "options": {
        "quiet": false,
        "reportFilename": "mochawesome",
        "saveHtml": false,
        "saveJson": true,
        "consoleReporter": "spec",
        "useInlineDiffs": false,
        "code": true
      },
      "version": "7.1.3"
    },
    "marge": {
      "options": {
        "overwrite": false,
        "html": false,
        "json": true,
        "reportDir": "cypress\\reports\\html\\.jsons"
      },
      "version": "6.2.0"
    }
  }
}