{
  "stats": {
    "suites": 1,
    "tests": 1,
    "passes": 1,
    "pending": 0,
    "failures": 0,
    "start": "2024-10-02T08:59:59.274Z",
    "end": "2024-10-02T09:00:06.316Z",
    "duration": 7042,
    "testsRegistered": 1,
    "passPercent": 100,
    "pendingPercent": 0,
    "other": 0,
    "hasOther": false,
    "skipped": 0,
    "hasSkipped": false
  },
  "results": [
    {
      "uuid": "a0577ba8-a4f3-45b8-a3fe-14625af64fb2",
      "title": "",
      "fullFile": "cypress\\integration\\examples\\Test8.js",
      "file": "cypress\\integration\\examples\\Test8.js",
      "beforeHooks": [],
      "afterHooks": [],
      "tests": [],
      "suites": [
        {
          "uuid": "21444d44-6591-4124-a7d4-4df37bf4cfbd",
          "title": "Handling Child Windows",
          "fullFile": "",
          "file": "",
          "beforeHooks": [],
          "afterHooks": [],
          "tests": [
            {
              "title": "Performing Mouse Hover",
              "fullTitle": "Handling Child Windows Performing Mouse Hover",
              "timedOut": null,
              "duration": 5978,
              "state": "passed",
              "speed": "medium",
              "pass": true,
              "fail": false,
              "pending": false,
              "context": null,
              "code": "cy.visit('https://rahulshettyacademy.com/AutomationPractice/');\ncy.get('#opentab').then(function (el) {\n  const url = el.prop('href');\n  cy.visit(url);\n  cy.origin(url, () => {\n    cy.get(\"div.sub-menu-bar a[href*='about']\").click();\n    // console.log(url);\n  });\n  // cy.get('#opentab').click();\n});",
              "err": {},
              "uuid": "a572a167-2545-461f-a57a-3a727865eda2",
              "parentUUID": "21444d44-6591-4124-a7d4-4df37bf4cfbd",
              "isHook": false,
              "skipped": false
            }
          ],
          "suites": [],
          "passes": [
            "a572a167-2545-461f-a57a-3a727865eda2"
          ],
          "failures": [],
          "pending": [],
          "skipped": [],
          "duration": 5978,
          "root": false,
          "rootEmpty": false,
          "_timeout": 2000
        }
      ],
      "passes": [],
      "failures": [],
      "pending": [],
      "skipped": [],
      "duration": 0,
      "root": true,
      "rootEmpty": true,
      "_timeout": 2000
    }
  ],
  "meta": {
    "mocha": {
      "version": "7.0.1"
    },
    "mochawesome": {
      "options": {
        "quiet": false,
        "reportFilename": "mochawesome",
        "saveHtml": false,
        "saveJson": true,
        "consoleReporter": "spec",
        "useInlineDiffs": false,
        "code": true
      },
      "version": "7.1.3"
    },
    "marge": {
      "options": {
        "overwrite": false,
        "html": false,
        "json": true,
        "reportDir": "cypress\\reports\\html\\.jsons"
      },
      "version": "6.2.0"
    }
  }
}