{
  "stats": {
    "suites": 1,
    "tests": 1,
    "passes": 1,
    "pending": 0,
    "failures": 0,
    "start": "2024-10-02T09:16:58.947Z",
    "end": "2024-10-02T09:17:07.845Z",
    "duration": 8898,
    "testsRegistered": 1,
    "passPercent": 100,
    "pendingPercent": 0,
    "other": 0,
    "hasOther": false,
    "skipped": 0,
    "hasSkipped": false
  },
  "results": [
    {
      "uuid": "4670c5eb-6375-4dbb-a9ab-7fd814b75a1c",
      "title": "",
      "fullFile": "cypress\\integration\\examples\\Test_Framework.js",
      "file": "cypress\\integration\\examples\\Test_Framework.js",
      "beforeHooks": [],
      "afterHooks": [],
      "tests": [],
      "suites": [
        {
          "uuid": "ec1c58f0-81e7-4aaf-bf18-406042ecbd23",
          "title": "Shopping Site",
          "fullFile": "",
          "file": "",
          "beforeHooks": [],
          "afterHooks": [],
          "tests": [
            {
              "title": "Framework Hooks",
              "fullTitle": "Shopping Site Framework Hooks",
              "timedOut": null,
              "duration": 7276,
              "state": "passed",
              "speed": "medium",
              "pass": true,
              "fail": false,
              "pending": false,
              "context": null,
              "code": "const homePg = new _HomePage.default();\ncy.visit(Cypress.env(\"testUrl\") + this.data.endPoint);\nhomePg.getEditBox().type(this.data.name);\nhomePg.getGender().select(this.data.gender);\nhomePg.getTwoWayDataBinding().should(\"have.value\", this.data.name);\nhomePg.getMinimumLength().should(\"have.attr\", \"minlength\", 2);\n// cy.debug();\nhomePg.getRadioButton().should(\"be.disabled\");\nhomePg.getShopURL().click();\n// cy.wait(1000);\nthis.data.productName;\nthis.data.productName.forEach(function (element) {\n  cy.selectProd(element);\n});\nconst shopPg = new _ShopPage.default();\nshopPg.buttonCheckOut().click();\n// A Command is created for the totalSum function\ncy.totalSum();\ncy.totalPrice();\nthis.data.actualText;\nshopPg.buttonSuccess().click();\nshopPg.country().type(this.data.country);\nshopPg.countrySuggestion().click();\nshopPg.checkBox().click({\n  force: true\n});\nshopPg.buttonSubmit().click();\nshopPg.alertText().then(function (element) {\n  const actualText = element.text();\n  expect(actualText.includes(\"Success\")).to.be.true;\n});",
              "err": {},
              "uuid": "7c732c91-a2ac-4076-a514-164f0bfb344e",
              "parentUUID": "ec1c58f0-81e7-4aaf-bf18-406042ecbd23",
              "isHook": false,
              "skipped": false
            }
          ],
          "suites": [],
          "passes": [
            "7c732c91-a2ac-4076-a514-164f0bfb344e"
          ],
          "failures": [],
          "pending": [],
          "skipped": [],
          "duration": 7276,
          "root": false,
          "rootEmpty": false,
          "_timeout": 2000
        }
      ],
      "passes": [],
      "failures": [],
      "pending": [],
      "skipped": [],
      "duration": 0,
      "root": true,
      "rootEmpty": true,
      "_timeout": 2000
    }
  ],
  "meta": {
    "mocha": {
      "version": "7.0.1"
    },
    "mochawesome": {
      "options": {
        "quiet": false,
        "reportFilename": "mochawesome",
        "saveHtml": false,
        "saveJson": true,
        "consoleReporter": "spec",
        "useInlineDiffs": false,
        "code": true
      },
      "version": "7.1.3"
    },
    "marge": {
      "options": {
        "overwrite": false,
        "html": false,
        "json": true,
        "reportDir": "cypress\\reports\\html\\.jsons"
      },
      "version": "6.2.0"
    }
  }
}