{
  "stats": {
    "suites": 1,
    "tests": 1,
    "passes": 1,
    "pending": 0,
    "failures": 0,
    "start": "2024-10-02T09:15:33.142Z",
    "end": "2024-10-02T09:15:39.751Z",
    "duration": 6609,
    "testsRegistered": 1,
    "passPercent": 100,
    "pendingPercent": 0,
    "other": 0,
    "hasOther": false,
    "skipped": 0,
    "hasSkipped": false
  },
  "results": [
    {
      "uuid": "16d96bc4-e911-40f5-8315-341b9481b8c4",
      "title": "",
      "fullFile": "cypress\\integration\\examples\\Test4.js",
      "file": "cypress\\integration\\examples\\Test4.js",
      "beforeHooks": [],
      "afterHooks": [],
      "tests": [],
      "suites": [
        {
          "uuid": "593f29b4-bae8-464f-9f58-4cd0b5d8fc46",
          "title": "My First Test Suite",
          "fullFile": "",
          "file": "",
          "beforeHooks": [],
          "afterHooks": [],
          "tests": [
            {
              "title": "My First Test Case",
              "fullTitle": "My First Test Suite My First Test Case",
              "timedOut": null,
              "duration": 4928,
              "state": "passed",
              "speed": "fast",
              "pass": true,
              "fail": false,
              "pending": false,
              "context": null,
              "code": "cy.visit('https://rahulshettyacademy.com/AutomationPractice/');\ncy.get('#opentab').invoke('removeAttr', 'target').click();\ncy.origin('https://www.qaclickacademy.com/', () => {\n  cy.get(\"#navbarSupportedContent a[href*='about']\").click();\n  cy.get('.col-lg-5 h2').should('contain.text', 'Welcome to QAClick Academy');\n});",
              "err": {},
              "uuid": "6189d6e2-56c6-4c42-a718-ac6bc748c584",
              "parentUUID": "593f29b4-bae8-464f-9f58-4cd0b5d8fc46",
              "isHook": false,
              "skipped": false
            }
          ],
          "suites": [],
          "passes": [
            "6189d6e2-56c6-4c42-a718-ac6bc748c584"
          ],
          "failures": [],
          "pending": [],
          "skipped": [],
          "duration": 4928,
          "root": false,
          "rootEmpty": false,
          "_timeout": 2000
        }
      ],
      "passes": [],
      "failures": [],
      "pending": [],
      "skipped": [],
      "duration": 0,
      "root": true,
      "rootEmpty": true,
      "_timeout": 2000
    }
  ],
  "meta": {
    "mocha": {
      "version": "7.0.1"
    },
    "mochawesome": {
      "options": {
        "quiet": false,
        "reportFilename": "mochawesome",
        "saveHtml": false,
        "saveJson": true,
        "consoleReporter": "spec",
        "useInlineDiffs": false,
        "code": true
      },
      "version": "7.1.3"
    },
    "marge": {
      "options": {
        "overwrite": false,
        "html": false,
        "json": true,
        "reportDir": "cypress\\reports\\html\\.jsons"
      },
      "version": "6.2.0"
    }
  }
}