{
  "stats": {
    "suites": 1,
    "tests": 1,
    "passes": 1,
    "pending": 0,
    "failures": 0,
    "start": "2024-10-02T08:59:55.859Z",
    "end": "2024-10-02T08:59:58.147Z",
    "duration": 2288,
    "testsRegistered": 1,
    "passPercent": 100,
    "pendingPercent": 0,
    "other": 0,
    "hasOther": false,
    "skipped": 0,
    "hasSkipped": false
  },
  "results": [
    {
      "uuid": "70aba512-e230-40d3-a52f-eccdb9fc14a1",
      "title": "",
      "fullFile": "cypress\\integration\\examples\\Test7.js",
      "file": "cypress\\integration\\examples\\Test7.js",
      "beforeHooks": [],
      "afterHooks": [],
      "tests": [],
      "suites": [
        {
          "uuid": "802cd4d2-9a35-4d99-9dab-b42f5c866fa2",
          "title": "Handling Child Windows",
          "fullFile": "",
          "file": "",
          "beforeHooks": [],
          "afterHooks": [],
          "tests": [
            {
              "title": "Performing Mouse Hover",
              "fullTitle": "Handling Child Windows Performing Mouse Hover",
              "timedOut": null,
              "duration": 1246,
              "state": "passed",
              "speed": "fast",
              "pass": true,
              "fail": false,
              "pending": false,
              "context": null,
              "code": "cy.visit('https://rahulshettyacademy.com/AutomationPractice/');\n// cy.get('div.mouse-hover-content').invoke('show'); //One way to do this\ncy.contains('Top').click({\n  force: true\n});\ncy.url().should('include', 'top');",
              "err": {},
              "uuid": "f7de107d-c486-4e0f-94b3-8d1618c43340",
              "parentUUID": "802cd4d2-9a35-4d99-9dab-b42f5c866fa2",
              "isHook": false,
              "skipped": false
            }
          ],
          "suites": [],
          "passes": [
            "f7de107d-c486-4e0f-94b3-8d1618c43340"
          ],
          "failures": [],
          "pending": [],
          "skipped": [],
          "duration": 1246,
          "root": false,
          "rootEmpty": false,
          "_timeout": 2000
        }
      ],
      "passes": [],
      "failures": [],
      "pending": [],
      "skipped": [],
      "duration": 0,
      "root": true,
      "rootEmpty": true,
      "_timeout": 2000
    }
  ],
  "meta": {
    "mocha": {
      "version": "7.0.1"
    },
    "mochawesome": {
      "options": {
        "quiet": false,
        "reportFilename": "mochawesome",
        "saveHtml": false,
        "saveJson": true,
        "consoleReporter": "spec",
        "useInlineDiffs": false,
        "code": true
      },
      "version": "7.1.3"
    },
    "marge": {
      "options": {
        "overwrite": false,
        "html": false,
        "json": true,
        "reportDir": "cypress\\reports\\html\\.jsons"
      },
      "version": "6.2.0"
    }
  }
}