{
  "stats": {
    "suites": 1,
    "tests": 1,
    "passes": 1,
    "pending": 0,
    "failures": 0,
    "start": "2024-10-02T08:59:26.263Z",
    "end": "2024-10-02T08:59:29.396Z",
    "duration": 3133,
    "testsRegistered": 1,
    "passPercent": 100,
    "pendingPercent": 0,
    "other": 0,
    "hasOther": false,
    "skipped": 0,
    "hasSkipped": false
  },
  "results": [
    {
      "uuid": "b0a01e85-f894-4bd5-9775-cae0e173187a",
      "title": "",
      "fullFile": "cypress\\integration\\examples\\Test02.js",
      "file": "cypress\\integration\\examples\\Test02.js",
      "beforeHooks": [],
      "afterHooks": [],
      "tests": [],
      "suites": [
        {
          "uuid": "04569906-5948-4cc5-b71f-48480c67a263",
          "title": "My First Test Suite",
          "fullFile": "",
          "file": "",
          "beforeHooks": [],
          "afterHooks": [],
          "tests": [
            {
              "title": "My First Test Case",
              "fullTitle": "My First Test Suite My First Test Case",
              "timedOut": null,
              "duration": 2075,
              "state": "passed",
              "speed": "fast",
              "pass": true,
              "fail": false,
              "pending": false,
              "context": null,
              "code": "cy.visit('https://rahulshettyacademy.com/seleniumPractise/#/');\ncy.get('.search-keyword').type('be');\n// cy.wait(4000);\ncy.get('.products').as('productLocator');\nconsole.log('Printing the example of console logging');\n// cy.get('.products').find('.product').eq(4).contains('ADD TO CART').click();\ncy.get('@productLocator').find('.product').each(($el, index, $list) => {\n  const textItem = $el.find('h4.product-name').text();\n  if (textItem.includes('Stra')) {\n    cy.wrap($el).find('button').click();\n  }\n});\n// assert if log is correctly displayed\ncy.get('.brand').should('have.text', 'GREENKART');\n// This is to print in logs\ncy.get('.brand').then(function (logoElement) {\n  cy.log(logoElement.text());\n});\n// clicking on cart icon\ncy.get('.cart-icon').as('cartButton');\ncy.get('@cartButton').click();\ncy.contains('PROCEED TO CHECKOUT').click();\ncy.contains('Place Order').click();\ncy.get('select').select('India');\ncy.get('select').should('have.value', 'India');",
              "err": {},
              "uuid": "2acf26f2-5187-4550-a626-4b0ab90f817f",
              "parentUUID": "04569906-5948-4cc5-b71f-48480c67a263",
              "isHook": false,
              "skipped": false
            }
          ],
          "suites": [],
          "passes": [
            "2acf26f2-5187-4550-a626-4b0ab90f817f"
          ],
          "failures": [],
          "pending": [],
          "skipped": [],
          "duration": 2075,
          "root": false,
          "rootEmpty": false,
          "_timeout": 2000
        }
      ],
      "passes": [],
      "failures": [],
      "pending": [],
      "skipped": [],
      "duration": 0,
      "root": true,
      "rootEmpty": true,
      "_timeout": 2000
    }
  ],
  "meta": {
    "mocha": {
      "version": "7.0.1"
    },
    "mochawesome": {
      "options": {
        "quiet": false,
        "reportFilename": "mochawesome",
        "saveHtml": false,
        "saveJson": true,
        "consoleReporter": "spec",
        "useInlineDiffs": false,
        "code": true
      },
      "version": "7.1.3"
    },
    "marge": {
      "options": {
        "overwrite": false,
        "html": false,
        "json": true,
        "reportDir": "cypress\\reports\\html\\.jsons"
      },
      "version": "6.2.0"
    }
  }
}